<?xml version="1.0" encoding="UTF-8"?>
<!-- Generated by org.testng.reporters.JUnitXMLReporter -->
<testsuite ignored="4" hostname="Mamta_Gupta" failures="3" tests="3" name="Test" time="37.299" errors="0" timestamp="2025-01-06T23:05:21 GMT-05:00">
  <testcase classname="com.luma.pagetests.CustomerLoginTest" name="verifySuccessfullLogin" time="3.847">
    <failure type="org.openqa.selenium.ElementClickInterceptedException" message="element click intercepted: Element &amp;lt;button type=&amp;quot;submit&amp;quot; title=&amp;quot;Search&amp;quot; class=&amp;quot;action search&amp;quot; aria-label=&amp;quot;Search&amp;quot; disabled=&amp;quot;&amp;quot;&amp;gt;...&amp;lt;/button&amp;gt; is not clickable at point (839, 148). Other element would receive the click: &amp;lt;input id=&amp;quot;search&amp;quot; type=&amp;quot;text&amp;quot; name=&amp;quot;q&amp;quot; value=&amp;quot;&amp;quot; placeholder=&amp;quot;Search entire store here...&amp;quot; class=&amp;quot;input-text&amp;quot; maxlength=&amp;quot;128&amp;quot; role=&amp;quot;combobox&amp;quot; aria-haspopup=&amp;quot;false&amp;quot; aria-autocomplete=&amp;quot;both&amp;quot; autocomplete=&amp;quot;off&amp;quot; aria-expanded=&amp;quot;false&amp;quot;&amp;gt;
  (Session info: chrome=131.0.6778.205)
Build info: version: &amp;apos;4.27.0&amp;apos;, revision: &amp;apos;d6e718d134&amp;apos;
System info: os.name: &amp;apos;Windows 11&amp;apos;, os.arch: &amp;apos;amd64&amp;apos;, os.version: &amp;apos;10.0&amp;apos;, java.version: &amp;apos;17.0.4.1&amp;apos;
Driver info: org.openqa.selenium.chrome.ChromeDriver
Command: [30091a9ab58db6f7a3f2fd4b36c4d3d9, clickElement {id=f.23F2C5BE0F3B9EF1A67F2D1D18DFA862.d.89CE7F8CC579C320BA6A8125BA3A3F88.e.83}]
Capabilities {acceptInsecureCerts: false, browserName: chrome, browserVersion: 131.0.6778.205, chrome: {chromedriverVersion: 131.0.6778.204 (52183f9e99a..., userDataDir: C:\Users\mamta\AppData\Loca...}, fedcm:accounts: true, goog:chromeOptions: {debuggerAddress: localhost:57916}, networkConnectionEnabled: false, pageLoadStrategy: normal, platformName: windows, proxy: Proxy(), se:cdp: ws://localhost:57916/devtoo..., se:cdpVersion: 131.0.6778.205, setWindowRect: true, strictFileInteractability: false, timeouts: {implicit: 0, pageLoad: 300000, script: 30000}, unhandledPromptBehavior: dismiss and notify, webauthn:extension:credBlob: true, webauthn:extension:largeBlob: true, webauthn:extension:minPinLength: true, webauthn:extension:prf: true, webauthn:virtualAuthenticators: true}
Element: [[ChromeDriver: chrome on windows (30091a9ab58db6f7a3f2fd4b36c4d3d9)] -&amp;gt; xpath: //button[@type=&amp;apos;submit&amp;apos;]]
Session ID: 30091a9ab58db6f7a3f2fd4b36c4d3d9">
      <![CDATA[org.openqa.selenium.ElementClickInterceptedException: element click intercepted: Element <button type="submit" title="Search" class="action search" aria-label="Search" disabled="">...</button> is not clickable at point (839, 148). Other element would receive the click: <input id="search" type="text" name="q" value="" placeholder="Search entire store here..." class="input-text" maxlength="128" role="combobox" aria-haspopup="false" aria-autocomplete="both" autocomplete="off" aria-expanded="false">
  (Session info: chrome=131.0.6778.205)
Build info: version: '4.27.0', revision: 'd6e718d134'
System info: os.name: 'Windows 11', os.arch: 'amd64', os.version: '10.0', java.version: '17.0.4.1'
Driver info: org.openqa.selenium.chrome.ChromeDriver
Command: [30091a9ab58db6f7a3f2fd4b36c4d3d9, clickElement {id=f.23F2C5BE0F3B9EF1A67F2D1D18DFA862.d.89CE7F8CC579C320BA6A8125BA3A3F88.e.83}]
Capabilities {acceptInsecureCerts: false, browserName: chrome, browserVersion: 131.0.6778.205, chrome: {chromedriverVersion: 131.0.6778.204 (52183f9e99a..., userDataDir: C:\Users\mamta\AppData\Loca...}, fedcm:accounts: true, goog:chromeOptions: {debuggerAddress: localhost:57916}, networkConnectionEnabled: false, pageLoadStrategy: normal, platformName: windows, proxy: Proxy(), se:cdp: ws://localhost:57916/devtoo..., se:cdpVersion: 131.0.6778.205, setWindowRect: true, strictFileInteractability: false, timeouts: {implicit: 0, pageLoad: 300000, script: 30000}, unhandledPromptBehavior: dismiss and notify, webauthn:extension:credBlob: true, webauthn:extension:largeBlob: true, webauthn:extension:minPinLength: true, webauthn:extension:prf: true, webauthn:virtualAuthenticators: true}
Element: [[ChromeDriver: chrome on windows (30091a9ab58db6f7a3f2fd4b36c4d3d9)] -> xpath: //button[@type='submit']]
Session ID: 30091a9ab58db6f7a3f2fd4b36c4d3d9
at org.openqa.selenium.remote.ErrorCodec.decode(ErrorCodec.java:167)
at org.openqa.selenium.remote.codec.w3c.W3CHttpResponseCodec.decode(W3CHttpResponseCodec.java:138)
at org.openqa.selenium.remote.codec.w3c.W3CHttpResponseCodec.decode(W3CHttpResponseCodec.java:50)
at org.openqa.selenium.remote.HttpCommandExecutor.execute(HttpCommandExecutor.java:190)
at org.openqa.selenium.remote.service.DriverCommandExecutor.invokeExecute(DriverCommandExecutor.java:216)
at org.openqa.selenium.remote.service.DriverCommandExecutor.execute(DriverCommandExecutor.java:174)
at org.openqa.selenium.remote.RemoteWebDriver.execute(RemoteWebDriver.java:545)
at org.openqa.selenium.remote.RemoteWebElement.execute(RemoteWebElement.java:223)
at org.openqa.selenium.remote.RemoteWebElement.click(RemoteWebElement.java:76)
at com.luma.pages.CustomerLoginPage.clickSignIn(CustomerLoginPage.java:33)
at com.luma.pagetests.CustomerLoginTest.verifySuccessfullLogin(CustomerLoginTest.java:21)
at java.base/java.util.ArrayList.forEach(ArrayList.java:1511)
... Removed 32 stack frames]]>
    </failure>
  </testcase> <!-- verifySuccessfullLogin -->
  <testcase classname="com.luma.pagetests.CustomerLoginTest" name="verifySuccessfullLogin2" time="3.621">
    <failure type="org.openqa.selenium.ElementClickInterceptedException" message="element click intercepted: Element &amp;lt;button type=&amp;quot;submit&amp;quot; title=&amp;quot;Search&amp;quot; class=&amp;quot;action search&amp;quot; aria-label=&amp;quot;Search&amp;quot; disabled=&amp;quot;&amp;quot;&amp;gt;...&amp;lt;/button&amp;gt; is not clickable at point (839, 148). Other element would receive the click: &amp;lt;input id=&amp;quot;search&amp;quot; type=&amp;quot;text&amp;quot; name=&amp;quot;q&amp;quot; value=&amp;quot;&amp;quot; placeholder=&amp;quot;Search entire store here...&amp;quot; class=&amp;quot;input-text&amp;quot; maxlength=&amp;quot;128&amp;quot; role=&amp;quot;combobox&amp;quot; aria-haspopup=&amp;quot;false&amp;quot; aria-autocomplete=&amp;quot;both&amp;quot; autocomplete=&amp;quot;off&amp;quot; aria-expanded=&amp;quot;false&amp;quot;&amp;gt;
  (Session info: chrome=131.0.6778.205)
Build info: version: &amp;apos;4.27.0&amp;apos;, revision: &amp;apos;d6e718d134&amp;apos;
System info: os.name: &amp;apos;Windows 11&amp;apos;, os.arch: &amp;apos;amd64&amp;apos;, os.version: &amp;apos;10.0&amp;apos;, java.version: &amp;apos;17.0.4.1&amp;apos;
Driver info: org.openqa.selenium.chrome.ChromeDriver
Command: [7250b8e3ab564e5db70dc8ec2e20b44a, clickElement {id=f.95CA1B89DA77F15C5FFF29BDC70C6850.d.6AB5BB4FAA08B20B8A984C9D86E4E853.e.83}]
Capabilities {acceptInsecureCerts: false, browserName: chrome, browserVersion: 131.0.6778.205, chrome: {chromedriverVersion: 131.0.6778.204 (52183f9e99a..., userDataDir: C:\Users\mamta\AppData\Loca...}, fedcm:accounts: true, goog:chromeOptions: {debuggerAddress: localhost:58034}, networkConnectionEnabled: false, pageLoadStrategy: normal, platformName: windows, proxy: Proxy(), se:cdp: ws://localhost:58034/devtoo..., se:cdpVersion: 131.0.6778.205, setWindowRect: true, strictFileInteractability: false, timeouts: {implicit: 0, pageLoad: 300000, script: 30000}, unhandledPromptBehavior: dismiss and notify, webauthn:extension:credBlob: true, webauthn:extension:largeBlob: true, webauthn:extension:minPinLength: true, webauthn:extension:prf: true, webauthn:virtualAuthenticators: true}
Element: [[ChromeDriver: chrome on windows (7250b8e3ab564e5db70dc8ec2e20b44a)] -&amp;gt; xpath: //button[@type=&amp;apos;submit&amp;apos;]]
Session ID: 7250b8e3ab564e5db70dc8ec2e20b44a">
      <![CDATA[org.openqa.selenium.ElementClickInterceptedException: element click intercepted: Element <button type="submit" title="Search" class="action search" aria-label="Search" disabled="">...</button> is not clickable at point (839, 148). Other element would receive the click: <input id="search" type="text" name="q" value="" placeholder="Search entire store here..." class="input-text" maxlength="128" role="combobox" aria-haspopup="false" aria-autocomplete="both" autocomplete="off" aria-expanded="false">
  (Session info: chrome=131.0.6778.205)
Build info: version: '4.27.0', revision: 'd6e718d134'
System info: os.name: 'Windows 11', os.arch: 'amd64', os.version: '10.0', java.version: '17.0.4.1'
Driver info: org.openqa.selenium.chrome.ChromeDriver
Command: [7250b8e3ab564e5db70dc8ec2e20b44a, clickElement {id=f.95CA1B89DA77F15C5FFF29BDC70C6850.d.6AB5BB4FAA08B20B8A984C9D86E4E853.e.83}]
Capabilities {acceptInsecureCerts: false, browserName: chrome, browserVersion: 131.0.6778.205, chrome: {chromedriverVersion: 131.0.6778.204 (52183f9e99a..., userDataDir: C:\Users\mamta\AppData\Loca...}, fedcm:accounts: true, goog:chromeOptions: {debuggerAddress: localhost:58034}, networkConnectionEnabled: false, pageLoadStrategy: normal, platformName: windows, proxy: Proxy(), se:cdp: ws://localhost:58034/devtoo..., se:cdpVersion: 131.0.6778.205, setWindowRect: true, strictFileInteractability: false, timeouts: {implicit: 0, pageLoad: 300000, script: 30000}, unhandledPromptBehavior: dismiss and notify, webauthn:extension:credBlob: true, webauthn:extension:largeBlob: true, webauthn:extension:minPinLength: true, webauthn:extension:prf: true, webauthn:virtualAuthenticators: true}
Element: [[ChromeDriver: chrome on windows (7250b8e3ab564e5db70dc8ec2e20b44a)] -> xpath: //button[@type='submit']]
Session ID: 7250b8e3ab564e5db70dc8ec2e20b44a
at org.openqa.selenium.remote.ErrorCodec.decode(ErrorCodec.java:167)
at org.openqa.selenium.remote.codec.w3c.W3CHttpResponseCodec.decode(W3CHttpResponseCodec.java:138)
at org.openqa.selenium.remote.codec.w3c.W3CHttpResponseCodec.decode(W3CHttpResponseCodec.java:50)
at org.openqa.selenium.remote.HttpCommandExecutor.execute(HttpCommandExecutor.java:190)
at org.openqa.selenium.remote.service.DriverCommandExecutor.invokeExecute(DriverCommandExecutor.java:216)
at org.openqa.selenium.remote.service.DriverCommandExecutor.execute(DriverCommandExecutor.java:174)
at org.openqa.selenium.remote.RemoteWebDriver.execute(RemoteWebDriver.java:545)
at org.openqa.selenium.remote.RemoteWebElement.execute(RemoteWebElement.java:223)
at org.openqa.selenium.remote.RemoteWebElement.click(RemoteWebElement.java:76)
at com.luma.pages.CustomerLoginPage.clickSignIn(CustomerLoginPage.java:33)
at com.luma.pagetests.CustomerLoginTest.verifySuccessfullLogin2(CustomerLoginTest.java:38)
at java.base/java.util.ArrayList.forEach(ArrayList.java:1511)
... Removed 32 stack frames]]>
    </failure>
  </testcase> <!-- verifySuccessfullLogin2 -->
  <testcase classname="com.luma.regressiontests.VerifySelectedColorsOfItemsTest" name="verifyColorsOfSelectedItems" time="3.079">
    <failure type="org.openqa.selenium.ElementClickInterceptedException" message="element click intercepted: Element &amp;lt;button type=&amp;quot;submit&amp;quot; title=&amp;quot;Search&amp;quot; class=&amp;quot;action search&amp;quot; aria-label=&amp;quot;Search&amp;quot; disabled=&amp;quot;&amp;quot;&amp;gt;...&amp;lt;/button&amp;gt; is not clickable at point (839, 148). Other element would receive the click: &amp;lt;input id=&amp;quot;search&amp;quot; type=&amp;quot;text&amp;quot; name=&amp;quot;q&amp;quot; value=&amp;quot;&amp;quot; placeholder=&amp;quot;Search entire store here...&amp;quot; class=&amp;quot;input-text&amp;quot; maxlength=&amp;quot;128&amp;quot; role=&amp;quot;combobox&amp;quot; aria-haspopup=&amp;quot;false&amp;quot; aria-autocomplete=&amp;quot;both&amp;quot; autocomplete=&amp;quot;off&amp;quot; aria-expanded=&amp;quot;false&amp;quot;&amp;gt;
  (Session info: chrome=131.0.6778.205)
Build info: version: &amp;apos;4.27.0&amp;apos;, revision: &amp;apos;d6e718d134&amp;apos;
System info: os.name: &amp;apos;Windows 11&amp;apos;, os.arch: &amp;apos;amd64&amp;apos;, os.version: &amp;apos;10.0&amp;apos;, java.version: &amp;apos;17.0.4.1&amp;apos;
Driver info: org.openqa.selenium.chrome.ChromeDriver
Command: [df890e992ba9dac356fea927c701345c, clickElement {id=f.EF7E5486F645ED250D44AE7BE2C9F281.d.977268F6348A2B026EB21597B39F1939.e.87}]
Capabilities {acceptInsecureCerts: false, browserName: chrome, browserVersion: 131.0.6778.205, chrome: {chromedriverVersion: 131.0.6778.204 (52183f9e99a..., userDataDir: C:\Users\mamta\AppData\Loca...}, fedcm:accounts: true, goog:chromeOptions: {debuggerAddress: localhost:58148}, networkConnectionEnabled: false, pageLoadStrategy: normal, platformName: windows, proxy: Proxy(), se:cdp: ws://localhost:58148/devtoo..., se:cdpVersion: 131.0.6778.205, setWindowRect: true, strictFileInteractability: false, timeouts: {implicit: 0, pageLoad: 300000, script: 30000}, unhandledPromptBehavior: dismiss and notify, webauthn:extension:credBlob: true, webauthn:extension:largeBlob: true, webauthn:extension:minPinLength: true, webauthn:extension:prf: true, webauthn:virtualAuthenticators: true}
Element: [[ChromeDriver: chrome on windows (df890e992ba9dac356fea927c701345c)] -&amp;gt; xpath: //button[@type=&amp;apos;submit&amp;apos;]]
Session ID: df890e992ba9dac356fea927c701345c">
      <![CDATA[org.openqa.selenium.ElementClickInterceptedException: element click intercepted: Element <button type="submit" title="Search" class="action search" aria-label="Search" disabled="">...</button> is not clickable at point (839, 148). Other element would receive the click: <input id="search" type="text" name="q" value="" placeholder="Search entire store here..." class="input-text" maxlength="128" role="combobox" aria-haspopup="false" aria-autocomplete="both" autocomplete="off" aria-expanded="false">
  (Session info: chrome=131.0.6778.205)
Build info: version: '4.27.0', revision: 'd6e718d134'
System info: os.name: 'Windows 11', os.arch: 'amd64', os.version: '10.0', java.version: '17.0.4.1'
Driver info: org.openqa.selenium.chrome.ChromeDriver
Command: [df890e992ba9dac356fea927c701345c, clickElement {id=f.EF7E5486F645ED250D44AE7BE2C9F281.d.977268F6348A2B026EB21597B39F1939.e.87}]
Capabilities {acceptInsecureCerts: false, browserName: chrome, browserVersion: 131.0.6778.205, chrome: {chromedriverVersion: 131.0.6778.204 (52183f9e99a..., userDataDir: C:\Users\mamta\AppData\Loca...}, fedcm:accounts: true, goog:chromeOptions: {debuggerAddress: localhost:58148}, networkConnectionEnabled: false, pageLoadStrategy: normal, platformName: windows, proxy: Proxy(), se:cdp: ws://localhost:58148/devtoo..., se:cdpVersion: 131.0.6778.205, setWindowRect: true, strictFileInteractability: false, timeouts: {implicit: 0, pageLoad: 300000, script: 30000}, unhandledPromptBehavior: dismiss and notify, webauthn:extension:credBlob: true, webauthn:extension:largeBlob: true, webauthn:extension:minPinLength: true, webauthn:extension:prf: true, webauthn:virtualAuthenticators: true}
Element: [[ChromeDriver: chrome on windows (df890e992ba9dac356fea927c701345c)] -> xpath: //button[@type='submit']]
Session ID: df890e992ba9dac356fea927c701345c
at org.openqa.selenium.remote.ErrorCodec.decode(ErrorCodec.java:167)
at org.openqa.selenium.remote.codec.w3c.W3CHttpResponseCodec.decode(W3CHttpResponseCodec.java:138)
at org.openqa.selenium.remote.codec.w3c.W3CHttpResponseCodec.decode(W3CHttpResponseCodec.java:50)
at org.openqa.selenium.remote.HttpCommandExecutor.execute(HttpCommandExecutor.java:190)
at org.openqa.selenium.remote.service.DriverCommandExecutor.invokeExecute(DriverCommandExecutor.java:216)
at org.openqa.selenium.remote.service.DriverCommandExecutor.execute(DriverCommandExecutor.java:174)
at org.openqa.selenium.remote.RemoteWebDriver.execute(RemoteWebDriver.java:545)
at org.openqa.selenium.remote.RemoteWebElement.execute(RemoteWebElement.java:223)
at org.openqa.selenium.remote.RemoteWebElement.click(RemoteWebElement.java:76)
at com.luma.pages.CustomerLoginPage.clickSignIn(CustomerLoginPage.java:33)
at com.luma.regressiontests.VerifySelectedColorsOfItemsTest.verifyColorsOfSelectedItems(VerifySelectedColorsOfItemsTest.java:24)
at java.base/java.util.ArrayList.forEach(ArrayList.java:1511)
... Removed 32 stack frames]]>
    </failure>
  </testcase> <!-- verifyColorsOfSelectedItems -->
  <testcase classname="com.luma.pagetests.BaseTest" name="@AfterSuite tearDown" time="0.0">
    <ignored/>
  </testcase> <!-- @AfterSuite tearDown -->
  <testcase classname="com.luma.pagetests.BaseTest" name="@AfterSuite tearDown" time="0.0">
    <ignored/>
  </testcase> <!-- @AfterSuite tearDown -->
  <testcase classname="com.luma.pagetests.BaseTest" name="@BeforeSuite init" time="0.0">
    <ignored/>
  </testcase> <!-- @BeforeSuite init -->
  <testcase classname="com.luma.pagetests.BaseTest" name="@BeforeSuite init" time="0.0">
    <ignored/>
  </testcase> <!-- @BeforeSuite init -->
</testsuite> <!-- Test -->
